<?xml version="1.0" encoding="UTF-8"?>
<!-- Generated by org.testng.reporters.JUnitXMLReporter -->
<testsuite ignored="1" hostname="DESKTOP-U7NCNIN" failures="0" tests="4" name="regression testing" time="11.27" errors="0" timestamp="2022-08-21T13:35:08 EET">
  <testcase classname="Tests.RegTest" name="UserRegTest" time="3.333"/>
  <testcase classname="Tests.RegTest" name="Result" time="0.037"/>
  <testcase classname="Tests.LoginTest" name="openLoginPage" time="1.38"/>
  <testcase classname="Tests.LoginTest" name="LogResult" time="0.042"/>
  <testcase classname="Tests.TestBase" name="@BeforeTest StartDriver" time="0.0">
    <ignored/>
  </testcase> <!-- @BeforeTest StartDriver -->
</testsuite> <!-- regression testing -->
