<?xml version="1.0" encoding="UTF-8"?>
<testng-results ignored="1" total="5" passed="4" failed="0" skipped="0">
  <reporter-output>
  </reporter-output>
  <suite started-at="2022-08-21T13:34:57 EET" name="Regression" finished-at="2022-08-21T13:35:08 EET" duration-ms="11270">
    <groups>
      <group name="cucumber">
        <method signature="AbstractTestNGCucumberTests.runScenario(io.cucumber.testng.PickleWrapper,io.cucumber.testng.FeatureWrapper)[pri:0, instance:Tests.LoginTest@3eb738bb]" name="runScenario" class="io.cucumber.testng.AbstractTestNGCucumberTests"/>
        <method signature="AbstractTestNGCucumberTests.runScenario(io.cucumber.testng.PickleWrapper,io.cucumber.testng.FeatureWrapper)[pri:0, instance:Tests.RegTest@229f66ed]" name="runScenario" class="io.cucumber.testng.AbstractTestNGCucumberTests"/>
      </group> <!-- cucumber -->
    </groups>
    <test started-at="2022-08-21T13:34:57 EET" name="regression testing" finished-at="2022-08-21T13:35:08 EET" duration-ms="11270">
      <class name="Tests.LoginTest">
        <test-method is-config="true" signature="setUpClass(org.testng.ITestContext)[pri:0, instance:Tests.LoginTest@3eb738bb]" started-at="2022-08-21T13:35:07 EET" name="setUpClass" finished-at="2022-08-21T13:35:07 EET" duration-ms="6" status="PASS">
          <params>
            <param index="0">
              <value>
                <![CDATA[org.testng.TestRunner@6cd166b8]]>
              </value>
            </param>
          </params>
          <reporter-output>
          </reporter-output>
        </test-method> <!-- setUpClass -->
        <test-method signature="openLoginPage()[pri:1, instance:Tests.LoginTest@3eb738bb]" started-at="2022-08-21T13:35:07 EET" name="openLoginPage" finished-at="2022-08-21T13:35:08 EET" duration-ms="1380" status="PASS">
          <reporter-output>
          </reporter-output>
        </test-method> <!-- openLoginPage -->
        <test-method signature="LogResult()[pri:2, instance:Tests.LoginTest@3eb738bb]" started-at="2022-08-21T13:35:08 EET" name="LogResult" finished-at="2022-08-21T13:35:08 EET" duration-ms="42" status="PASS">
          <reporter-output>
          </reporter-output>
        </test-method> <!-- LogResult -->
        <test-method is-config="true" signature="tearDownClass()[pri:0, instance:Tests.LoginTest@3eb738bb]" started-at="2022-08-21T13:35:08 EET" name="tearDownClass" finished-at="2022-08-21T13:35:08 EET" duration-ms="1" status="PASS">
          <reporter-output>
          </reporter-output>
        </test-method> <!-- tearDownClass -->
      </class> <!-- Tests.LoginTest -->
      <class name="Tests.RegTest">
        <test-method is-config="true" signature="StartDriver(java.lang.String)[pri:0, instance:Tests.RegTest@229f66ed]" started-at="2022-08-21T13:34:57 EET" name="StartDriver" finished-at="2022-08-21T13:35:03 EET" duration-ms="6258" status="PASS">
          <params>
            <param index="0">
              <value>
                <![CDATA[Chrome]]>
              </value>
            </param>
          </params>
          <reporter-output>
          </reporter-output>
        </test-method> <!-- StartDriver -->
        <test-method is-config="true" signature="setUpClass(org.testng.ITestContext)[pri:0, instance:Tests.RegTest@229f66ed]" started-at="2022-08-21T13:35:03 EET" name="setUpClass" finished-at="2022-08-21T13:35:03 EET" duration-ms="156" status="PASS">
          <params>
            <param index="0">
              <value>
                <![CDATA[org.testng.TestRunner@6cd166b8]]>
              </value>
            </param>
          </params>
          <reporter-output>
          </reporter-output>
        </test-method> <!-- setUpClass -->
        <test-method signature="UserRegTest()[pri:1, instance:Tests.RegTest@229f66ed]" started-at="2022-08-21T13:35:03 EET" name="UserRegTest" finished-at="2022-08-21T13:35:07 EET" duration-ms="3333" status="PASS">
          <reporter-output>
          </reporter-output>
        </test-method> <!-- UserRegTest -->
        <test-method signature="Result()[pri:2, instance:Tests.RegTest@229f66ed]" started-at="2022-08-21T13:35:07 EET" name="Result" finished-at="2022-08-21T13:35:07 EET" duration-ms="37" status="PASS">
          <reporter-output>
          </reporter-output>
        </test-method> <!-- Result -->
        <test-method is-config="true" signature="tearDownClass()[pri:0, instance:Tests.RegTest@229f66ed]" started-at="2022-08-21T13:35:07 EET" name="tearDownClass" finished-at="2022-08-21T13:35:07 EET" duration-ms="7" status="PASS">
          <reporter-output>
          </reporter-output>
        </test-method> <!-- tearDownClass -->
      </class> <!-- Tests.RegTest -->
    </test> <!-- regression testing -->
  </suite> <!-- Regression -->
</testng-results>
